<?xml version="1.0" encoding="UTF-8"?>
<!-- Generated by org.testng.reporters.JUnitReportReporter -->
<testsuite skipped="0" hostname="ManzaComp" name="com.newtour.Testcases.Tests" tests="5" failures="0" timestamp="15 мар 2017 12:02:37 GMT" time="13.422" errors="0">
  <testcase name="test_Home_Page_Title" time="0.017" classname="com.newtour.Testcases.Tests"/>
  <testcase name="test_registration" time="2.107" classname="com.newtour.Testcases.Tests"/>
  <testcase name="test_return_to_HomePage" time="3.043" classname="com.newtour.Testcases.Tests"/>
  <testcase name="test_expect_Home_Page" time="5.190" classname="com.newtour.Testcases.Tests"/>
  <testcase name="test_Sign_off" time="3.065" classname="com.newtour.Testcases.Tests"/>
</testsuite> <!-- com.newtour.Testcases.Tests -->
